<?xml version="1.0" encoding="UTF-8"?>
<!-- Generated by org.testng.reporters.JUnitReportReporter -->
<testsuite hostname="LAPTOP-PDPRH0HR" failures="0" tests="2" name="testPackage.TestClassTNG2" time="0.023" errors="0" timestamp="2023-03-14T21:44:58 IST" skipped="0">
  <testcase classname="testPackage.TestClassTNG2" name="test1" time="0.015"/>
  <system-out/>
  <testcase classname="testPackage.TestClassTNG2" name="test2" time="0.008"/>
  <system-out/>
</testsuite> <!-- testPackage.TestClassTNG2 -->
