<?xml version="1.0" encoding="UTF-8"?>
<!-- Generated by org.testng.reporters.JUnitReportReporter -->
<testsuite hostname="LAPTOP-PDPRH0HR" failures="0" tests="2" name="testPackage.TestClassTNG1" time="0.000" errors="0" timestamp="2023-03-16T14:58:58 IST" skipped="2">
  <testcase classname="testPackage.TestClassTNG1" name="test1" time="0.000">
    <skipped/>
  </testcase> <!-- test1 -->
  <system-out/>
  <testcase classname="testPackage.TestClassTNG1" name="test2" time="0.000">
    <skipped/>
  </testcase> <!-- test2 -->
  <system-out/>
</testsuite> <!-- testPackage.TestClassTNG1 -->
